#0 building with "default" instance using docker driver

#1 [api01 internal] load build definition from Dockerfile
#1 transferring dockerfile: 386B done
#1 DONE 0.0s

#2 [api01 internal] load .dockerignore
#2 transferring context: 2B done
#2 DONE 0.0s

#3 [api02 internal] load build definition from Dockerfile
#3 transferring dockerfile: 386B done
#3 DONE 0.0s

#4 [api02 internal] load .dockerignore
#4 transferring context: 2B done
#4 DONE 0.0s

#5 [api02 internal] load metadata for docker.io/library/amazoncorretto:17-alpine-jdk
#5 DONE 0.5s

#6 [api01 1/5] FROM docker.io/library/amazoncorretto:17-alpine-jdk@sha256:7fa638463726cb1646100882b2baafd1b78978007bbfc28cb36a7fb5e9ebe8dd
#6 DONE 0.0s

#7 [api01 internal] load build context
#7 transferring context: 44.56MB 0.2s done
#7 DONE 0.2s

#8 [api02 internal] load build context
#8 transferring context: 44.56MB 0.2s done
#8 DONE 0.2s

#6 [api01 1/5] FROM docker.io/library/amazoncorretto:17-alpine-jdk@sha256:7fa638463726cb1646100882b2baafd1b78978007bbfc28cb36a7fb5e9ebe8dd
#6 CACHED

#9 [api01 2/5] ADD target/crebito*.jar app.jar
#9 DONE 0.5s

#10 [api01 3/5] ADD app.sh /
#10 DONE 0.0s

#11 [api01 4/5] RUN ln -snf /usr/share/zoneinfo/America/Sao_Paulo /etc/localtime && echo America/Sao_Paulo > /etc/timezone
#11 DONE 0.2s

#12 [api01 5/5] RUN chmod 0755 /app.sh
#12 DONE 0.4s

#13 [api02] exporting to image
#13 exporting layers 0.1s done
#13 writing image sha256:1c5cf41a5b52b8a21fefe7d6986fc7fd42560fa4a33c8e36dc2c88944fbd6c71 done
#13 naming to docker.io/library/local-api02 done
#13 DONE 0.1s

#14 [api01] exporting to image
#14 exporting layers 0.1s done
#14 writing image sha256:4b39a07e3de86c4efe944ae1a991bffa26d55205866ae745748b5b929eb54426 done
#14 naming to docker.io/library/local-api01 done
#14 DONE 0.1s
 Container postgres-db  Recreate
 Container postgres-db  Recreated
 Container api01  Recreate
 Container api02  Recreate
 Container api01  Recreated
 Container api02  Recreated
 Container loadbalancer  Recreate
 Container loadbalancer  Recreated
 Container postgres-db  Starting
 Container postgres-db  Started
 Container api02  Starting
 Container api01  Starting
 Container api01  Started
 Container api02  Started
 Container loadbalancer  Starting
 Container loadbalancer  Started
#0 building with "default" instance using docker driver

#1 [api01 internal] load build definition from Dockerfile
#1 transferring dockerfile: 386B done
#1 DONE 0.0s

#2 [api01 internal] load .dockerignore
#2 transferring context: 2B done
#2 DONE 0.0s

#3 [api02 internal] load .dockerignore
#3 transferring context: 2B done
#3 DONE 0.0s

#4 [api02 internal] load build definition from Dockerfile
#4 transferring dockerfile: 386B done
#4 DONE 0.0s

#5 [api02 internal] load metadata for docker.io/library/amazoncorretto:17-alpine-jdk
#5 DONE 0.5s

#6 [api01 1/5] FROM docker.io/library/amazoncorretto:17-alpine-jdk@sha256:7fa638463726cb1646100882b2baafd1b78978007bbfc28cb36a7fb5e9ebe8dd
#6 DONE 0.0s

#7 [api01 internal] load build context
#7 transferring context: 44.56MB 0.2s done
#7 DONE 0.2s

#8 [api02 internal] load build context
#8 transferring context: 44.56MB 0.2s done
#8 DONE 0.2s

#6 [api02 1/5] FROM docker.io/library/amazoncorretto:17-alpine-jdk@sha256:7fa638463726cb1646100882b2baafd1b78978007bbfc28cb36a7fb5e9ebe8dd
#6 CACHED

#9 [api02 2/5] ADD target/crebito*.jar app.jar
#9 DONE 0.3s

#10 [api02 3/5] ADD app.sh /
#10 DONE 0.0s

#11 [api02 4/5] RUN ln -snf /usr/share/zoneinfo/America/Sao_Paulo /etc/localtime && echo America/Sao_Paulo > /etc/timezone
#11 DONE 0.2s

#12 [api02 5/5] RUN chmod 0755 /app.sh
#12 DONE 0.3s

#13 [api01] exporting to image
#13 exporting layers 0.1s done
#13 writing image sha256:285d86e3efb5afb8ba29ba2ee9b7c45e251c6d6950ff95e81d64a83f1307a727 done
#13 naming to docker.io/library/local-api01 done
#13 DONE 0.1s

#14 [api02] exporting to image
#14 exporting layers 0.1s done
#14 writing image sha256:c023e7d3e3e1c4e7ff38d9b24f0d8c530194d2a29d753648ec769226335d90a7 done
#14 naming to docker.io/library/local-api02 done
#14 DONE 0.1s
 Container postgres-db  Creating
 Container postgres-db  Created
 Container api02  Creating
 Container api01  Creating
 Container api02  Created
 Container api01  Created
 Container loadbalancer  Creating
 Container loadbalancer  Created
 Container postgres-db  Starting
 Container postgres-db  Started
 Container api01  Starting
 Container api02  Starting
 Container api01  Started
 Container api02  Started
 Container loadbalancer  Starting
 Container loadbalancer  Started
#0 building with "default" instance using docker driver

#1 [api02 internal] load .dockerignore
#1 transferring context: 2B done
#1 DONE 0.0s

#2 [api02 internal] load build definition from Dockerfile
#2 transferring dockerfile: 386B done
#2 DONE 0.0s

#3 [api01 internal] load .dockerignore
#3 transferring context: 2B done
#3 DONE 0.0s

#4 [api01 internal] load build definition from Dockerfile
#4 transferring dockerfile: 386B done
#4 DONE 0.0s

#5 [api01 internal] load metadata for docker.io/library/amazoncorretto:17-alpine-jdk
#5 DONE 0.5s

#6 [api01 internal] load build context
#6 DONE 0.0s

#7 [api01 1/5] FROM docker.io/library/amazoncorretto:17-alpine-jdk@sha256:7fa638463726cb1646100882b2baafd1b78978007bbfc28cb36a7fb5e9ebe8dd
#7 DONE 0.0s

#8 [api02 internal] load build context
#8 transferring context: 44.56MB 0.2s done
#8 DONE 0.2s

#7 [api02 1/5] FROM docker.io/library/amazoncorretto:17-alpine-jdk@sha256:7fa638463726cb1646100882b2baafd1b78978007bbfc28cb36a7fb5e9ebe8dd
#7 CACHED

#6 [api01 internal] load build context
#6 transferring context: 44.56MB 0.2s done
#6 DONE 0.2s

#9 [api02 2/5] ADD target/crebito*.jar app.jar
#9 DONE 0.3s

#10 [api02 3/5] ADD app.sh /
#10 DONE 0.0s

#11 [api02 4/5] RUN ln -snf /usr/share/zoneinfo/America/Sao_Paulo /etc/localtime && echo America/Sao_Paulo > /etc/timezone
#11 DONE 0.2s

#12 [api02 5/5] RUN chmod 0755 /app.sh
#12 DONE 0.4s

#13 [api01] exporting to image
#13 exporting layers
#13 exporting layers 0.1s done
#13 writing image sha256:3f102fd6aa8fb26cf0840a804344d1ec05dbd46f85725f5682ba93ebe23e404a done
#13 naming to docker.io/library/local-api01 done
#13 DONE 0.1s

#14 [api02] exporting to image
#14 exporting layers 0.1s done
#14 writing image sha256:6ecb0184a0d8299978c95facffb8e07ab21759d73e546560a6ddd74d13f12f86 done
#14 naming to docker.io/library/local-api02 done
#14 DONE 0.1s
 Container postgres-db  Creating
 Container postgres-db  Created
 Container api02  Creating
 Container api01  Creating
 Container api01  Created
 Container api02  Created
 Container loadbalancer  Creating
 Container loadbalancer  Created
 Container postgres-db  Starting
 Container postgres-db  Started
 Container api02  Starting
 Container api01  Starting
 Container api02  Started
 Container api01  Started
 Container loadbalancer  Starting
 Container loadbalancer  Started
